<?xml version="1.0" encoding="UTF-8"?>
<!-- Generated by org.testng.reporters.JUnitXMLReporter -->
<testsuite hostname="Administrator" ignored="5" name="Default test" tests="2" failures="0" timestamp="22 дек 2017 21:58:10 GMT" time="0.123" errors="0">
  <testcase name="@BeforeMethod setUp" time="0.086" classname="by.htp.selenium.mailtest.MailRuTest">
    <failure type="java.lang.IllegalStateException" message="The driver executable does not exist: C:\driver\operadriver.exe">
      <![CDATA[java.lang.IllegalStateException: The driver executable does not exist: C:\driver\operadriver.exe
	at com.google.common.base.Preconditions.checkState(Preconditions.java:534)
	at org.openqa.selenium.remote.service.DriverService.checkExecutable(DriverService.java:136)
	at org.openqa.selenium.remote.service.DriverService.findExecutable(DriverService.java:131)
	at org.openqa.selenium.opera.OperaDriverService.access$000(OperaDriverService.java:32)
	at org.openqa.selenium.opera.OperaDriverService$Builder.findDefaultExecutable(OperaDriverService.java:118)
	at org.openqa.selenium.remote.service.DriverService$Builder.build(DriverService.java:339)
	at org.openqa.selenium.opera.OperaDriverService.createDefaultService(OperaDriverService.java:82)
	at org.openqa.selenium.opera.OperaDriver.<init>(OperaDriver.java:115)
	at by.htp.selenium.mailtest.factory.driver.OperaDriverCreator.factoryMethod(OperaDriverCreator.java:18)
	at by.htp.selenium.mailtest.driver.DriverSingleton.getDriver(DriverSingleton.java:21)
	at by.htp.selenium.mailtest.steps.Steps.initBrowser(Steps.java:23)
	at by.htp.selenium.mailtest.MailRuTest.setUp(MailRuTest.java:21)
	at sun.reflect.NativeMethodAccessorImpl.invoke0(Native Method)
	at sun.reflect.NativeMethodAccessorImpl.invoke(Unknown Source)
	at sun.reflect.DelegatingMethodAccessorImpl.invoke(Unknown Source)
	at java.lang.reflect.Method.invoke(Unknown Source)
	at org.testng.internal.MethodInvocationHelper.invokeMethod(MethodInvocationHelper.java:108)
	at org.testng.internal.Invoker.invokeConfigurationMethod(Invoker.java:523)
	at org.testng.internal.Invoker.invokeConfigurations(Invoker.java:224)
	at org.testng.internal.Invoker.invokeMethod(Invoker.java:599)
	at org.testng.internal.Invoker.invokeTestMethod(Invoker.java:869)
	at org.testng.internal.Invoker.invokeTestMethods(Invoker.java:1193)
	at org.testng.internal.TestMethodWorker.invokeTestMethods(TestMethodWorker.java:126)
	at org.testng.internal.TestMethodWorker.run(TestMethodWorker.java:109)
	at org.testng.TestRunner.privateRun(TestRunner.java:744)
	at org.testng.TestRunner.run(TestRunner.java:602)
	at org.testng.SuiteRunner.runTest(SuiteRunner.java:380)
	at org.testng.SuiteRunner.runSequentially(SuiteRunner.java:375)
	at org.testng.SuiteRunner.privateRun(SuiteRunner.java:340)
	at org.testng.SuiteRunner.run(SuiteRunner.java:289)
	at org.testng.SuiteRunnerWorker.runSuite(SuiteRunnerWorker.java:52)
	at org.testng.SuiteRunnerWorker.run(SuiteRunnerWorker.java:86)
	at org.testng.TestNG.runSuitesSequentially(TestNG.java:1301)
	at org.testng.TestNG.runSuitesLocally(TestNG.java:1226)
	at org.testng.TestNG.runSuites(TestNG.java:1144)
	at org.testng.TestNG.run(TestNG.java:1115)
	at org.testng.remote.AbstractRemoteTestNG.run(AbstractRemoteTestNG.java:114)
	at org.testng.remote.RemoteTestNG.initAndRun(RemoteTestNG.java:251)
	at org.testng.remote.RemoteTestNG.main(RemoteTestNG.java:77)
]]>
    </failure>
  </testcase> <!-- @BeforeMethod setUp -->
  <testcase name="@AfterClass close" time="0.0" classname="by.htp.selenium.mailtest.MailRuTest">
    <skipped/>
  </testcase> <!-- @AfterClass close -->
  <testcase name="validLogin" time="0.0" classname="by.htp.selenium.mailtest.MailRuTest">
    <skipped/>
  </testcase> <!-- validLogin -->
  <testcase name="writeCorrectMessageAmount" time="0.0" classname="by.htp.selenium.mailtest.MailRuTest">
    <skipped/>
  </testcase> <!-- writeCorrectMessageAmount -->
  <testcase name="sendCorrectMessage" time="0.0" classname="by.htp.selenium.mailtest.MailRuTest">
    <ignored/>
  </testcase> <!-- sendCorrectMessage -->
  <testcase name="writeMessageIncorrectEmail" time="0.0" classname="by.htp.selenium.mailtest.MailRuTest">
    <ignored/>
  </testcase> <!-- writeMessageIncorrectEmail -->
  <testcase name="sendEmptyMessage" time="0.0" classname="by.htp.selenium.mailtest.MailRuTest">
    <ignored/>
  </testcase> <!-- sendEmptyMessage -->
  <testcase name="invalidLogin" time="0.0" classname="by.htp.selenium.mailtest.MailRuTest">
    <ignored/>
  </testcase> <!-- invalidLogin -->
  <testcase name="sendMessageWithoutEmail" time="0.0" classname="by.htp.selenium.mailtest.MailRuTest">
    <ignored/>
  </testcase> <!-- sendMessageWithoutEmail -->
</testsuite> <!-- Default test -->
